<?xml version="1.0" encoding="utf-8"?><testsuites name="pytest tests"><testsuite name="pytest" errors="0" failures="0" skipped="1" tests="167" time="117.570" timestamp="2026-09-22T14:29:16.347265+02:00" hostname="DESKTOP-QQJKP0G"><testcase classname="tests.adversarial.test_adaptive_browser" name="test_adaptive_strategy_matrix[normal_visible_flow-0]" time="1.517" /><testcase classname="tests.adversarial.test_adaptive_browser" name="test_adaptive_strategy_matrix[normal_visible_flow-1]" time="1.124" /><testcase classname="tests.adversarial.test_adaptive_browser" name="test_adaptive_strategy_matrix[normal_visible_flow-2]" time="1.166" /><testcase classname="tests.adversarial.test_adaptive_browser" name="test_adaptive_strategy_matrix[resource_explorer-0]" time="1.112" /><testcase classname="tests.adversarial.test_adaptive_browser" name="test_adaptive_strategy_matrix[resource_explorer-1]" time="1.129" /><testcase classname="tests.adversarial.test_adaptive_browser" name="test_adaptive_strategy_matrix[resource_explorer-2]" time="1.114" /><testcase classname="tests.adversarial.test_adaptive_browser" name="test_adaptive_strategy_matrix[protocol_explorer-0]" time="1.118" /><testcase classname="tests.adversarial.test_adaptive_browser" name="test_adaptive_strategy_matrix[protocol_explorer-1]" time="1.131" /><testcase classname="tests.adversarial.test_adaptive_browser" name="test_adaptive_strategy_matrix[protocol_explorer-2]" time="1.115" /><testcase classname="tests.adversarial.test_adaptive_browser" name="test_adaptive_strategy_matrix[telemetry_omitting_explorer-0]" time="1.122" /><testcase classname="tests.adversarial.test_adaptive_browser" name="test_adaptive_strategy_matrix[telemetry_omitting_explorer-1]" time="1.100" /><testcase classname="tests.adversarial.test_adaptive_browser" name="test_adaptive_strategy_matrix[telemetry_omitting_explorer-2]" time="1.127" /><testcase classname="tests.adversarial.test_adaptive_browser" name="test_adaptive_strategy_matrix[stopin_aware_adversary-0]" time="1.080" /><testcase classname="tests.adversarial.test_adaptive_browser" name="test_adaptive_strategy_matrix[stopin_aware_adversary-1]" time="1.429" /><testcase classname="tests.adversarial.test_adaptive_browser" name="test_adaptive_strategy_matrix[stopin_aware_adversary-2]" time="1.777" /><testcase classname="tests.adversarial.test_adaptive_browser" name="test_false_positive_controls[keyboard]" time="2.022" /><testcase classname="tests.adversarial.test_adaptive_browser" name="test_false_positive_controls[mouse]" time="1.951" /><testcase classname="tests.adversarial.test_adaptive_browser" name="test_false_positive_controls[slow]" time="2.959" /><testcase classname="tests.adversarial.test_adaptive_browser" name="test_false_positive_controls[repeated_navigation]" time="2.307" /><testcase classname="tests.adversarial.test_adaptive_browser" name="test_false_positive_controls[refresh_back]" time="2.197" /><testcase classname="tests.adversarial.test_agent_exploration" name="test_visible_flow_never_uses_trap[keyboard]" time="1.597" /><testcase classname="tests.adversarial.test_agent_exploration" name="test_visible_flow_never_uses_trap[ordinary_playwright]" time="1.811" /><testcase classname="tests.adversarial.test_agent_exploration" name="test_resource_exploring_agent[False]" time="1.626" /><testcase classname="tests.adversarial.test_agent_exploration" name="test_resource_exploring_agent[True]" time="1.797" /><testcase classname="tests.adversarial.test_agents" name="test_raw_http_isolation" time="1.738" /><testcase classname="tests.adversarial.test_agents" name="test_requests_library" time="1.288" /><testcase classname="tests.adversarial.test_agents" name="test_challenge_and_cookie_replay" time="2.278" /><testcase classname="tests.adversarial.test_agents" name="test_concurrent_captured_verification_only_issues_once" time="2.436" /><testcase classname="tests.adversarial.test_agents" name="test_access_bypass_attempts[expired]" time="1.440" /><testcase classname="tests.adversarial.test_agents" name="test_access_bypass_attempts[wrong-site]" time="1.658" /><testcase classname="tests.adversarial.test_agents" name="test_access_bypass_attempts[forged]" time="1.562" /><testcase classname="tests.adversarial.test_agents" name="test_access_bypass_attempts[client-claim]" time="1.425" /><testcase classname="tests.adversarial.test_agents" name="test_access_bypass_attempts[legacy-challenge]" time="2.047" /><testcase classname="tests.adversarial.test_agents" name="test_access_bypass_attempts[development-bypass]" time="1.413" /><testcase classname="tests.adversarial.test_agents" name="test_chromium_challenge_automation" time="2.188" /><testcase classname="tests.adversarial.test_agents" name="test_chromium_network_interception" time="2.229" /><testcase classname="tests.adversarial.test_agents" name="test_chromium_tripwire_logged_without_single_signal_block" time="1.446" /><testcase classname="tests.adversarial.test_agents" name="test_direct_origin_bypass_rejected[/private]" time="1.638" /><testcase classname="tests.adversarial.test_agents" name="test_direct_origin_bypass_rejected[/api/private]" time="1.546" /><testcase classname="tests.adversarial.test_agents" name="test_chromium_cannot_bypass_origin" time="1.471" /><testcase classname="tests.adversarial.test_measurement_browser" name="test_measurement_cohorts" time="8.467" /><testcase classname="tests.adversarial.test_nextjs_origin" name="test_nextjs_direct_access_denied_gateway_allowed[/private]" time="2.324" /><testcase classname="tests.adversarial.test_nextjs_origin" name="test_nextjs_direct_access_denied_gateway_allowed[/api/private]" time="1.423" /><testcase classname="tests.adversarial.test_nextjs_origin" name="test_nextjs_direct_access_denied_gateway_allowed[/private.txt]" time="1.424" /><testcase classname="tests.adversarial.test_nextjs_origin" name="test_nextjs_duplicate_secret_denied" time="0.708" /><testcase classname="tests.adversarial.test_nextjs_origin" name="test_nextjs_chromium_navigation_and_assets" time="1.836" /><testcase classname="tests.adversarial.test_pre_application_browser" name="test_pre_application_strategy_matrix" time="24.662" /><testcase classname="tests.adversarial.test_pre_application_browser" name="test_pre_application_real_nextjs_boundary[comment]" time="1.384" /><testcase classname="tests.adversarial.test_pre_application_browser" name="test_pre_application_real_nextjs_boundary[inert_manifest]" time="1.339" /><testcase classname="tests.adversarial.test_pre_application_browser" name="test_pre_application_real_nextjs_boundary[dormant_function]" time="1.433" /><testcase classname="tests.integration.test_redis" name="test_real_redis_atomicity_and_shared_state" time="0.001"><skipped type="pytest.skip" message="TEST_REDIS_URL not configured">C:\Users\Kliment\Desktop\python\StopIn\tests\integration\test_redis.py:14: TEST_REDIS_URL not configured</skipped></testcase><testcase classname="tests.unit.test_adaptive_experiments" name="test_family_binding_expiration_and_secret_isolation[memory-resource]" time="0.060" /><testcase classname="tests.unit.test_adaptive_experiments" name="test_family_binding_expiration_and_secret_isolation[memory-action]" time="0.048" /><testcase classname="tests.unit.test_adaptive_experiments" name="test_family_binding_expiration_and_secret_isolation[memory-reference]" time="0.055" /><testcase classname="tests.unit.test_adaptive_experiments" name="test_family_binding_expiration_and_secret_isolation[redis-resource]" time="0.092" /><testcase classname="tests.unit.test_adaptive_experiments" name="test_family_binding_expiration_and_secret_isolation[redis-action]" time="0.067" /><testcase classname="tests.unit.test_adaptive_experiments" name="test_family_binding_expiration_and_secret_isolation[redis-reference]" time="0.071" /><testcase classname="tests.unit.test_adaptive_experiments" name="test_accidental_single_family_and_replay_do_not_classify[memory-resource]" time="0.046" /><testcase classname="tests.unit.test_adaptive_experiments" name="test_accidental_single_family_and_replay_do_not_classify[memory-action]" time="0.047" /><testcase classname="tests.unit.test_adaptive_experiments" name="test_accidental_single_family_and_replay_do_not_classify[memory-reference]" time="0.048" /><testcase classname="tests.unit.test_adaptive_experiments" name="test_accidental_single_family_and_replay_do_not_classify[redis-resource]" time="0.073" /><testcase classname="tests.unit.test_adaptive_experiments" name="test_accidental_single_family_and_replay_do_not_classify[redis-action]" time="0.079" /><testcase classname="tests.unit.test_adaptive_experiments" name="test_accidental_single_family_and_replay_do_not_classify[redis-reference]" time="0.076" /><testcase classname="tests.unit.test_adaptive_experiments" name="test_server_evidence_survives_omission_or_spoofing[memory-None]" time="0.159" /><testcase classname="tests.unit.test_adaptive_experiments" name="test_server_evidence_survives_omission_or_spoofing[memory-browser1]" time="0.164" /><testcase classname="tests.unit.test_adaptive_experiments" name="test_server_evidence_survives_omission_or_spoofing[memory-browser2]" time="0.304" /><testcase classname="tests.unit.test_adaptive_experiments" name="test_server_evidence_survives_omission_or_spoofing[redis-None]" time="0.323" /><testcase classname="tests.unit.test_adaptive_experiments" name="test_server_evidence_survives_omission_or_spoofing[redis-browser1]" time="0.324" /><testcase classname="tests.unit.test_adaptive_experiments" name="test_server_evidence_survives_omission_or_spoofing[redis-browser2]" time="0.293" /><testcase classname="tests.unit.test_adaptive_experiments" name="test_experiment_namespace_never_proxies_with_authorization[memory]" time="0.231" /><testcase classname="tests.unit.test_adaptive_experiments" name="test_experiment_namespace_never_proxies_with_authorization[redis]" time="0.269" /><testcase classname="tests.unit.test_adaptive_experiments" name="test_random_identifiers_binding_and_supported_subsets" time="0.003" /><testcase classname="tests.unit.test_adaptive_experiments" name="test_atomic_replay_across_workers_and_sites[memory-resource]" time="0.022" /><testcase classname="tests.unit.test_adaptive_experiments" name="test_atomic_replay_across_workers_and_sites[memory-action]" time="0.025" /><testcase classname="tests.unit.test_adaptive_experiments" name="test_atomic_replay_across_workers_and_sites[memory-reference]" time="0.024" /><testcase classname="tests.unit.test_adaptive_experiments" name="test_atomic_replay_across_workers_and_sites[redis-resource]" time="0.040" /><testcase classname="tests.unit.test_adaptive_experiments" name="test_atomic_replay_across_workers_and_sites[redis-action]" time="0.048" /><testcase classname="tests.unit.test_adaptive_experiments" name="test_atomic_replay_across_workers_and_sites[redis-reference]" time="0.045" /><testcase classname="tests.unit.test_agent_interaction" name="test_single_trap_replay_sequence_does_not_double_count[memory]" time="0.048" /><testcase classname="tests.unit.test_agent_interaction" name="test_single_trap_replay_sequence_does_not_double_count[redis]" time="0.076" /><testcase classname="tests.unit.test_agent_interaction" name="test_trap_binding_expiry_and_replacement[memory]" time="0.036" /><testcase classname="tests.unit.test_agent_interaction" name="test_trap_binding_expiry_and_replacement[redis]" time="0.052" /><testcase classname="tests.unit.test_agent_interaction" name="test_post_verification_trap_and_revoked_session[memory]" time="0.038" /><testcase classname="tests.unit.test_agent_interaction" name="test_post_verification_trap_and_revoked_session[redis]" time="0.060" /><testcase classname="tests.unit.test_agent_interaction" name="test_combined_evidence_and_challenge_replay_never_leak[memory]" time="0.048" /><testcase classname="tests.unit.test_agent_interaction" name="test_combined_evidence_and_challenge_replay_never_leak[redis]" time="0.089" /><testcase classname="tests.unit.test_agent_interaction" name="test_trap_namespace_never_proxies_even_with_valid_session[memory]" time="0.130" /><testcase classname="tests.unit.test_agent_interaction" name="test_trap_namespace_never_proxies_even_with_valid_session[redis]" time="0.176" /><testcase classname="tests.unit.test_agent_interaction" name="test_concurrent_trap_consumption_is_atomic_and_sequence_bounded[memory]" time="0.005" /><testcase classname="tests.unit.test_agent_interaction" name="test_concurrent_trap_consumption_is_atomic_and_sequence_bounded[redis]" time="0.098" /><testcase classname="tests.unit.test_challenge_client" name="test_navigation_verification_and_api" time="0.045" /><testcase classname="tests.unit.test_challenge_client" name="test_invalid_sessions_never_reach_origin[modified]" time="0.029" /><testcase classname="tests.unit.test_challenge_client" name="test_invalid_sessions_never_reach_origin[expired]" time="0.029" /><testcase classname="tests.unit.test_challenge_client" name="test_invalid_sessions_never_reach_origin[other-site]" time="0.032" /><testcase classname="tests.unit.test_challenge_client" name="test_invalid_sessions_never_reach_origin[unknown]" time="0.031" /><testcase classname="tests.unit.test_challenge_client" name="test_invalid_sessions_never_reach_origin[revoked]" time="0.036" /><testcase classname="tests.unit.test_challenge_client" name="test_binding_expiration_attempt_limit_and_replay" time="0.090" /><testcase classname="tests.unit.test_challenge_client" name="test_navigation_rejects_external_destinations[https://evil.test]" time="0.036" /><testcase classname="tests.unit.test_challenge_client" name="test_navigation_rejects_external_destinations[//evil.test]" time="0.042" /><testcase classname="tests.unit.test_challenge_client" name="test_navigation_rejects_external_destinations[/\\evil.test]" time="0.033" /><testcase classname="tests.unit.test_challenge_client" name="test_navigation_rejects_external_destinations[/%2fevil.test]" time="0.025" /><testcase classname="tests.unit.test_challenge_client" name="test_navigation_rejects_external_destinations[/%0a/evil.test]" time="0.022" /><testcase classname="tests.unit.test_challenge_client" name="test_navigation_rejects_external_destinations[/challenge]" time="0.023" /><testcase classname="tests.unit.test_challenge_client" name="test_invalid_submission_and_unauthorized_methods" time="0.069" /><testcase classname="tests.unit.test_dashboard" name="test_configuration_and_event_persistence" time="0.057" /><testcase classname="tests.unit.test_dashboard" name="test_route_rules_never_grant_unverified_access" time="0.002" /><testcase classname="tests.unit.test_dashboard" name="test_block_rules_and_strictness_preserve_multiple_signal_requirement" time="0.004" /><testcase classname="tests.unit.test_dashboard" name="test_live_configuration_changes_and_database_failure" time="0.152" /><testcase classname="tests.unit.test_detection" name="test_single_signal_never_blocks_verified_session[tripwires-value0]" time="0.002" /><testcase classname="tests.unit.test_detection" name="test_single_signal_never_blocks_verified_session[rate-value1]" time="0.003" /><testcase classname="tests.unit.test_detection" name="test_single_signal_never_blocks_verified_session[browser-value2]" time="0.004" /><testcase classname="tests.unit.test_detection" name="test_single_signal_never_blocks_verified_session[request-value3]" time="0.002" /><testcase classname="tests.unit.test_detection" name="test_combined_signals_and_invalid_credentials" time="0.002" /><testcase classname="tests.unit.test_detection" name="test_tripwire_binding_false_positive_and_combined_block" time="0.087" /><testcase classname="tests.unit.test_detection" name="test_browser_report_is_optional_and_cannot_grant_access" time="0.058" /><testcase classname="tests.unit.test_detection" name="test_combined_evidence_denies_session_issuance" time="0.131" /><testcase classname="tests.unit.test_detection" name="test_evidence_expiration_capacity_and_rate_window" time="0.011" /><testcase classname="tests.unit.test_detection" name="test_browser_schema_rejects_invalid_claims[browser0]" time="0.070" /><testcase classname="tests.unit.test_detection" name="test_browser_schema_rejects_invalid_claims[browser1]" time="0.041" /><testcase classname="tests.unit.test_detection" name="test_browser_schema_rejects_invalid_claims[browser2]" time="0.035" /><testcase classname="tests.unit.test_gateway" name="test_blocked_request_has_no_origin_content_or_call" time="0.028" /><testcase classname="tests.unit.test_gateway" name="test_valid_development_token_proxies_to_origin" time="0.028" /><testcase classname="tests.unit.test_gateway" name="test_health_endpoint_does_not_require_access_token" time="0.038" /><testcase classname="tests.unit.test_gateway" name="test_challenge_lifecycle_rejects_replay_expiry_and_mismatched_sessions" time="0.003" /><testcase classname="tests.unit.test_gateway" name="test_valid_challenge_sets_access_cookie" time="0.050" /><testcase classname="tests.unit.test_hardening" name="test_atomic_consumption_and_wrong_browser" time="0.032" /><testcase classname="tests.unit.test_hardening" name="test_shared_sessions_revocation_expiry_and_tenant_boundary" time="0.006" /><testcase classname="tests.unit.test_hardening" name="test_evidence_shared_updates_and_expiry" time="0.011" /><testcase classname="tests.unit.test_hardening" name="test_challenge_cross_worker_and_cross_site_cookie_rejection" time="0.143" /><testcase classname="tests.unit.test_hardening" name="test_distributed_rate_limits_ignore_forwarded_headers" time="0.076" /><testcase classname="tests.unit.test_hardening" name="test_outage_fails_closed_and_readiness_differs_from_liveness" time="0.028" /><testcase classname="tests.unit.test_hardening" name="test_metrics_auth_aggregation_body_limit_and_hosts" time="0.054" /><testcase classname="tests.unit.test_hardening" name="test_key_rotation_overlap_and_removal" time="0.002" /><testcase classname="tests.unit.test_hardening" name="test_production_configuration_rejects_unsafe_defaults" time="0.002" /><testcase classname="tests.unit.test_hardening" name="test_railway_proxy_requires_valid_edge_identity" time="0.040" /><testcase classname="tests.unit.test_hardening" name="test_production_env_requires_explicit_key" time="0.002" /><testcase classname="tests.unit.test_hardening" name="test_database_migration_backup_and_site_scoped_retention" time="0.075" /><testcase classname="tests.unit.test_measurement" name="test_completed_manual_run_sanitized_and_label_is_not_authorization" time="0.107" /><testcase classname="tests.unit.test_measurement" name="test_namespace_off_remote_host_and_csrf_guards" time="0.037" /><testcase classname="tests.unit.test_measurement" name="test_unsafe_configuration_refused[overrides0]" time="0.002" /><testcase classname="tests.unit.test_measurement" name="test_unsafe_configuration_refused[overrides1]" time="0.002" /><testcase classname="tests.unit.test_measurement" name="test_unsafe_configuration_refused[overrides2]" time="0.002" /><testcase classname="tests.unit.test_measurement" name="test_retries_denial_and_untrusted_telemetry" time="0.055" /><testcase classname="tests.unit.test_measurement" name="test_bounded_expiring_and_incomplete_samples" time="0.005" /><testcase classname="tests.unit.test_measurement" name="test_event_limit_and_completed_run_are_immutable" time="0.023" /><testcase classname="tests.unit.test_origin_security" name="test_origin_rejects_unsafe_configuration[]" time="0.002" /><testcase classname="tests.unit.test_origin_security" name="test_origin_rejects_unsafe_configuration[short]" time="0.002" /><testcase classname="tests.unit.test_origin_security" name="test_origin_rejects_unsafe_configuration[xxxxxxxxxxxxxxxxxxxxxxxxxxxxxxx]" time="0.002" /><testcase classname="tests.unit.test_origin_security" name="test_origin_rejects_unsafe_configuration[xxxxxxxxxxxxxxxxxxxxxxxxxxxxxxxx\n]" time="0.002" /><testcase classname="tests.unit.test_origin_security" name="test_origin_guard_covers_all_routes_and_methods[/]" time="0.028" /><testcase classname="tests.unit.test_origin_security" name="test_origin_guard_covers_all_routes_and_methods[/api/private]" time="0.031" /><testcase classname="tests.unit.test_origin_security" name="test_origin_guard_covers_all_routes_and_methods[/static/private.txt]" time="0.032" /><testcase classname="tests.unit.test_origin_security" name="test_origin_guard_covers_all_routes_and_methods[/docs]" time="0.028" /><testcase classname="tests.unit.test_origin_security" name="test_gateway_overwrites_spoofed_header_and_never_follows_redirects" time="0.023" /><testcase classname="tests.unit.test_origin_security" name="test_missing_gateway_origin_secret_fails_closed" time="0.024" /><testcase classname="tests.unit.test_pre_application" name="test_optional_is_bound_and_blocks_before_release[comment]" time="0.047" /><testcase classname="tests.unit.test_pre_application" name="test_optional_is_bound_and_blocks_before_release[inert_manifest]" time="0.047" /><testcase classname="tests.unit.test_pre_application" name="test_optional_is_bound_and_blocks_before_release[dormant_function]" time="0.048" /><testcase classname="tests.unit.test_pre_application" name="test_replay_expiry_cross_session_and_forgery" time="0.062" /><testcase classname="tests.unit.test_pre_application" name="test_minimal_protocol_bypass_needs_no_javascript" time="0.037" /><testcase classname="tests.unit.test_pre_application" name="test_late_exploration_cannot_retract_released_content" time="0.032" /><testcase classname="tests.unit.test_pre_application" name="test_no_authorization_via_alternate_methods_or_paths" time="0.063" /><testcase classname="tests.unit.test_pre_application" name="test_randomization_and_local_boundary" time="0.033" /><testcase classname="tests.unit.test_tokens" name="test_valid_token" time="0.002" /><testcase classname="tests.unit.test_tokens" name="test_modified_signature_is_rejected" time="0.002" /><testcase classname="tests.unit.test_tokens" name="test_wrong_secret_is_rejected" time="0.002" /><testcase classname="tests.unit.test_tokens" name="test_expired_token_is_rejected" time="1.124" /></testsuite></testsuites>